Сборка начата 20.12.2015 13:01:05.
     1>Проект "C:\тп сдавать\кеееееек\1\Platformer\ssssss\ssssss.vcxproj" в узле 2 (целевые объекты Rebuild).
     1>ClCompile:
         C:\Program Files (x86)\VS\VC\bin\CL.exe /c /I"C:\SFML-Visual_Studio2015RCx32\include" /ZI /nologo /W3 /WX- /Od /Oy- /D SFML_DYNAMIC /D _MBCS /Gm /EHsc /RTC1 /MDd /GS /fp:precise /Zc:wchar_t /Zc:forScope /Zc:inline /Fo"Debug\\" /Fd"Debug\vc140.pdb" /Gd /TP /analyze- /errorReport:prompt main.cpp TinyXML\tinystr.cpp TinyXML\tinyxml.cpp TinyXML\tinyxmlerror.cpp TinyXML\tinyxmlparser.cpp
         tinyxmlparser.cpp
         tinyxmlerror.cpp
         tinyxml.cpp
         tinystr.cpp
         main.cpp
     1>c:\тп сдавать\кеееееек\1\platformer\ssssss\level.hpp(60): warning C4244: return: преобразование "double" в "float", возможна потеря данных
     1>c:\тп сдавать\кеееееек\1\platformer\ssssss\level.hpp(144): warning C4244: инициализация: преобразование "double" в "float", возможна потеря данных
     1>c:\тп сдавать\кеееееек\1\platformer\ssssss\level.hpp(145): warning C4244: =: преобразование "float" в "int", возможна потеря данных
     1>c:\тп сдавать\кеееееек\1\platformer\ssssss\level.hpp(185): warning C4244: аргумент: преобразование "int" в "float", возможна потеря данных
     1>c:\тп сдавать\кеееееек\1\platformer\ssssss\level.hpp(242): warning C4244: аргумент: преобразование "int" в "float", возможна потеря данных
     1>c:\тп сдавать\кеееееек\1\platformer\ssssss\level.hpp(263): warning C4244: =: преобразование "int" в "float", возможна потеря данных
     1>c:\тп сдавать\кеееееек\1\platformer\ssssss\level.hpp(264): warning C4244: =: преобразование "int" в "float", возможна потеря данных
     1>c:\тп сдавать\кеееееек\1\platformer\ssssss\level.hpp(265): warning C4244: =: преобразование "int" в "float", возможна потеря данных
     1>c:\тп сдавать\кеееееек\1\platformer\ssssss\level.hpp(266): warning C4244: =: преобразование "int" в "float", возможна потеря данных
     1>c:\тп сдавать\кеееееек\1\platformer\ssssss\level.hpp(309): warning C4018: <: несоответствие типов со знаком и без знака
     1>c:\тп сдавать\кеееееек\1\platformer\ssssss\level.hpp(318): warning C4018: <: несоответствие типов со знаком и без знака
     1>c:\тп сдавать\кеееееек\1\platformer\ssssss\level.hpp(340): warning C4018: <: несоответствие типов со знаком и без знака
     1>c:\тп сдавать\кеееееек\1\platformer\ssssss\level.hpp(341): warning C4018: <: несоответствие типов со знаком и без знака
     1>c:\тп сдавать\кеееееек\1\platformer\ssssss\anim.hpp(34): warning C4244: инициализация: преобразование "float" в "int", возможна потеря данных
     1>c:\тп сдавать\кеееееек\1\platformer\ssssss\anim.hpp(65): warning C4244: аргумент: преобразование "int" в "float", возможна потеря данных
     1>c:\тп сдавать\кеееееек\1\platformer\ssssss\anim.hpp(93): warning C4244: =: преобразование "double" в "float", возможна потеря данных
     1>c:\тп сдавать\кеееееек\1\platformer\ssssss\anim.hpp(109): warning C4244: аргумент: преобразование "int" в "float", возможна потеря данных
     1>c:\тп сдавать\кеееееек\1\platformer\ssssss\anim.hpp(128): warning C4244: аргумент: преобразование "int" в "float", возможна потеря данных
     1>c:\тп сдавать\кеееееек\1\platformer\ssssss\anim.hpp(145): warning C4244: return: преобразование "int" в "float", возможна потеря данных
     1>c:\тп сдавать\кеееееек\1\platformer\ssssss\anim.hpp(147): warning C4244: return: преобразование "int" в "float", возможна потеря данных
     1>c:\тп сдавать\кеееееек\1\platformer\ssssss\classes.h(23): warning C4244: =: преобразование "int" в "float", возможна потеря данных
     1>c:\тп сдавать\кеееееек\1\platformer\ssssss\classes.h(24): warning C4244: =: преобразование "int" в "float", возможна потеря данных
     1>c:\тп сдавать\кеееееек\1\platformer\ssssss\classes.h(36): warning C4244: аргумент: преобразование "float" в "int", возможна потеря данных
     1>c:\тп сдавать\кеееееек\1\platformer\ssssss\classes.h(62): warning C4305: аргумент: усечение из "double" к "float"
     1>c:\тп сдавать\кеееееек\1\platformer\ssssss\classes.h(64): warning C4305: =: усечение из "double" к "float"
     1>c:\тп сдавать\кеееееек\1\platformer\ssssss\classes.h(73): warning C4018: <: несоответствие типов со знаком и без знака
     1>c:\тп сдавать\кеееееек\1\platformer\ssssss\classes.h(111): warning C4305: =: усечение из "double" к "float"
     1>c:\тп сдавать\кеееееек\1\platformer\ssssss\classes.h(118): warning C4305: =: усечение из "double" к "float"
     1>c:\тп сдавать\кеееееек\1\platformer\ssssss\classes.h(125): warning C4305: =: усечение из "double" к "float"
     1>c:\тп сдавать\кеееееек\1\platformer\ssssss\classes.h(210): warning C4244: +=: преобразование "double" в "float", возможна потеря данных
     1>c:\тп сдавать\кеееееек\1\platformer\ssssss\classes.h(230): warning C4018: <: несоответствие типов со знаком и без знака
     1>c:\тп сдавать\кеееееек\1\platformer\ssssss\classes.h(246): warning C4244: инициализация: преобразование "float" в "int", возможна потеря данных
     1>c:\тп сдавать\кеееееек\1\platformer\ssssss\classes.h(250): warning C4244: =: преобразование "int" в "float", возможна потеря данных
     1>c:\тп сдавать\кеееееек\1\platformer\ssssss\classes.h(257): warning C4244: инициализация: преобразование "float" в "int", возможна потеря данных
     1>c:\тп сдавать\кеееееек\1\platformer\ssssss\classes.h(261): warning C4244: =: преобразование "int" в "float", возможна потеря данных
     1>c:\тп сдавать\кеееееек\1\platformer\ssssss\classes.h(293): warning C4305: аргумент: усечение из "double" к "float"
     1>c:\тп сдавать\кеееееек\1\platformer\ssssss\classes.h(297): warning C4305: аргумент: усечение из "double" к "float"
     1>c:\тп сдавать\кеееееек\1\platformer\ssssss\classes.h(306): warning C4018: <: несоответствие типов со знаком и без знака
     1>c:\тп сдавать\кеееееек\1\platformer\ssssss\classes.h(348): warning C4244: +=: преобразование "float" в "int", возможна потеря данных
     1>c:\тп сдавать\кеееееек\1\platformer\ssssss\classes.h(407): warning C4305: аргумент: усечение из "double" к "float"
     1>c:\тп сдавать\кеееееек\1\platformer\ssssss\classes.h(411): warning C4305: аргумент: усечение из "double" к "float"
     1>c:\тп сдавать\кеееееек\1\platformer\ssssss\classes.h(457): warning C4244: аргумент: преобразование "int" в "float", возможна потеря данных
     1>c:\тп сдавать\кеееееек\1\platformer\ssssss\init_anim_and_obj.h(12): warning C4018: <: несоответствие типов со знаком и без знака
     1>c:\тп сдавать\кеееееек\1\platformer\ssssss\init_anim_and_obj.h(13): warning C4244: аргумент: преобразование "float" в "int", возможна потеря данных
     1>c:\тп сдавать\кеееееек\1\platformer\ssssss\init_anim_and_obj.h(17): warning C4018: <: несоответствие типов со знаком и без знака
     1>c:\тп сдавать\кеееееек\1\platformer\ssssss\init_anim_and_obj.h(18): warning C4244: аргумент: преобразование "float" в "int", возможна потеря данных
     1>c:\тп сдавать\кеееееек\1\platformer\ssssss\init_anim_and_obj.h(21): warning C4018: <: несоответствие типов со знаком и без знака
     1>c:\тп сдавать\кеееееек\1\platformer\ssssss\init_anim_and_obj.h(22): warning C4244: аргумент: преобразование "float" в "int", возможна потеря данных
     1>c:\тп сдавать\кеееееек\1\platformer\ssssss\init_anim_and_obj.h(25): warning C4018: <: несоответствие типов со знаком и без знака
     1>c:\тп сдавать\кеееееек\1\platformer\ssssss\init_anim_and_obj.h(26): warning C4244: аргумент: преобразование "float" в "int", возможна потеря данных
     1>c:\тп сдавать\кеееееек\1\platformer\ssssss\init_anim_and_obj.h(45): warning C4305: аргумент: усечение из "double" к "float"
     1>c:\тп сдавать\кеееееек\1\platformer\ssssss\interaction_with_enemy.h(69): warning C4244: +=: преобразование "double" в "float", возможна потеря данных
     1>c:\тп сдавать\кеееееек\1\platformer\ssssss\interaction_with_enemy.h(78): warning C4244: аргумент: преобразование "float" в "int", возможна потеря данных
     1>c:\тп сдавать\кеееееек\1\platformer\ssssss\interaction_with_enemy.h(81): warning C4244: аргумент: преобразование "float" в "int", возможна потеря данных
     1>c:\тп сдавать\кеееееек\1\platformer\ssssss\interaction_with_enemy.h(90): warning C4305: =: усечение из "double" к "float"
     1>c:\тп сдавать\кеееееек\1\platformer\ssssss\interaction_with_enemy.h(157): warning C4244: +=: преобразование "double" в "float", возможна потеря данных
     1>c:\тп сдавать\кеееееек\1\platformer\ssssss\interaction_with_enemy.h(168): warning C4244: аргумент: преобразование "float" в "int", возможна потеря данных
     1>c:\тп сдавать\кеееееек\1\platformer\ssssss\interaction_with_enemy.h(171): warning C4244: аргумент: преобразование "float" в "int", возможна потеря данных
     1>c:\тп сдавать\кеееееек\1\platformer\ssssss\interaction_with_enemy.h(181): warning C4305: =: усечение из "double" к "float"
     1>c:\тп сдавать\кеееееек\1\platformer\ssssss\main.cpp(36): warning C4244: инициализация: преобразование "sf::Int64" в "float", возможна потеря данных
     1>c:\тп сдавать\кеееееек\1\platformer\ssssss\main.cpp(76): warning C4244: аргумент: преобразование "const float" в "unsigned int", возможна потеря данных
     1>c:\тп сдавать\кеееееек\1\platformer\ssssss\main.cpp(103): warning C4244: аргумент: преобразование "float" в "int", возможна потеря данных
     1>c:\тп сдавать\кеееееек\1\platformer\ssssss\main.cpp(111): warning C4101: distance: неиспользованная локальная переменная
         Создание кода...
     1>c:\тп сдавать\кеееееек\1\platformer\ssssss\level.hpp(312): warning C4715: Level::GetObject: значение возвращается не при всех путях выполнения
       Link:
         C:\Program Files (x86)\VS\VC\bin\link.exe /ERRORREPORT:PROMPT /OUT:"C:\тп сдавать\кеееееек\1\Platformer\Debug\Mario.exe" /INCREMENTAL /NOLOGO /LIBPATH:"C:\SFML-Visual_Studio2015RCx32\lib" "sfml-graphics-d.lib" "sfml-window-d.lib" "sfml-system-d.lib" "sfml-audio-d.lib" kernel32.lib user32.lib gdi32.lib winspool.lib comdlg32.lib advapi32.lib shell32.lib ole32.lib oleaut32.lib uuid.lib odbc32.lib odbccp32.lib /MANIFEST /MANIFESTUAC:"level='asInvoker' uiAccess='false'" /manifest:embed /Debug /PDB:"C:\тп сдавать\кеееееек\1\Platformer\Debug\Mario.pdb" /TLBID:1 /DYNAMICBASE /NXCOMPAT /IMPLIB:"C:\тп сдавать\кеееееек\1\Platformer\Debug\Mario.lib" /MACHINE:X86 Debug\main.obj
         Debug\tinystr.obj
         Debug\tinyxml.obj
         Debug\tinyxmlerror.obj
         Debug\tinyxmlparser.obj
         ssssss.vcxproj -> C:\тп сдавать\кеееееек\1\Platformer\Debug\Mario.exe
     1>Сборка проекта "C:\тп сдавать\кеееееек\1\Platformer\ssssss\ssssss.vcxproj" завершена (целевые объекты Rebuild).

Сборка успешно завершена.

Затраченное время: 00:00:01.59
